{
  "RSpec": {
    "coverage": {
      "/Users/blackknight_75/turing/1611/2module/projects/rails-engine/app/models/merchant.rb": [
        1,
        1,
        null
      ],
      "/Users/blackknight_75/turing/1611/2module/projects/rails-engine/app/models/application_record.rb": [
        1,
        1,
        null
      ],
      "/Users/blackknight_75/turing/1611/2module/projects/rails-engine/app/controllers/api/v1/merchants_controller.rb": [
        1,
        1,
        1,
        null,
        null
      ],
      "/Users/blackknight_75/turing/1611/2module/projects/rails-engine/app/controllers/application_controller.rb": [
        1,
        null
      ],
      "/Users/blackknight_75/turing/1611/2module/projects/rails-engine/app/channels/application_cable/channel.rb": [
        0,
        0,
        0,
        0
      ],
      "/Users/blackknight_75/turing/1611/2module/projects/rails-engine/app/channels/application_cable/connection.rb": [
        0,
        0,
        0,
        0
      ],
      "/Users/blackknight_75/turing/1611/2module/projects/rails-engine/app/jobs/application_job.rb": [
        0,
        0
      ],
      "/Users/blackknight_75/turing/1611/2module/projects/rails-engine/app/mailers/application_mailer.rb": [
        0,
        0,
        0,
        0
      ]
    },
    "timestamp": 1489437656
  }
}
