{
  "RSpec": {
    "coverage": {
      "/Users/blackknight_75/turing/1611/2module/projects/rails-engine/app/models/invoice_item.rb": [
        1,
        1,
        null
      ],
      "/Users/blackknight_75/turing/1611/2module/projects/rails-engine/app/models/application_record.rb": [
        1,
        1,
        null,
        1,
        5,
        null,
        null
      ],
      "/Users/blackknight_75/turing/1611/2module/projects/rails-engine/app/models/invoice.rb": [
        1,
        1,
        null
      ],
      "/Users/blackknight_75/turing/1611/2module/projects/rails-engine/app/models/item.rb": [
        1,
        1,
        null
      ],
      "/Users/blackknight_75/turing/1611/2module/projects/rails-engine/app/models/merchant.rb": [
        1,
        1,
        null
      ],
      "/Users/blackknight_75/turing/1611/2module/projects/rails-engine/app/models/transaction.rb": [
        1,
        null,
        null
      ],
      "/Users/blackknight_75/turing/1611/2module/projects/rails-engine/app/controllers/api/v1/invoice_items_controller.rb": [
        1,
        1,
        1,
        null,
        null,
        1,
        1,
        null,
        null
      ],
      "/Users/blackknight_75/turing/1611/2module/projects/rails-engine/app/controllers/application_controller.rb": [
        1,
        null
      ],
      "/Users/blackknight_75/turing/1611/2module/projects/rails-engine/app/controllers/api/v1/invoice_items/random_controller.rb": [
        1,
        1,
        1,
        null,
        null
      ],
      "/Users/blackknight_75/turing/1611/2module/projects/rails-engine/app/controllers/api/v1/invoice_items/search_controller.rb": [
        1,
        1,
        1,
        null,
        null,
        1,
        1,
        null,
        null,
        1,
        null,
        1,
        2,
        null,
        null
      ],
      "/Users/blackknight_75/turing/1611/2module/projects/rails-engine/app/controllers/api/v1/invoices_controller.rb": [
        1,
        1,
        1,
        null,
        null,
        1,
        1,
        null,
        null
      ],
      "/Users/blackknight_75/turing/1611/2module/projects/rails-engine/app/controllers/api/v1/invoices/search_controller.rb": [
        1,
        1,
        0,
        null,
        null,
        1,
        2,
        null,
        null,
        1,
        null,
        1,
        2,
        null,
        null
      ],
      "/Users/blackknight_75/turing/1611/2module/projects/rails-engine/app/controllers/api/v1/invoices/random_controller.rb": [
        1,
        1,
        1,
        null,
        null
      ],
      "/Users/blackknight_75/turing/1611/2module/projects/rails-engine/app/controllers/api/v1/items_controller.rb": [
        1,
        1,
        1,
        null,
        null,
        1,
        1,
        null,
        null
      ],
      "/Users/blackknight_75/turing/1611/2module/projects/rails-engine/app/controllers/api/v1/items/random_controller.rb": [
        1,
        1,
        1,
        null,
        null
      ],
      "/Users/blackknight_75/turing/1611/2module/projects/rails-engine/app/controllers/api/v1/items/search_controller.rb": [
        1,
        1,
        1,
        null,
        null,
        1,
        1,
        null,
        null,
        1,
        null,
        1,
        2,
        null,
        null
      ],
      "/Users/blackknight_75/turing/1611/2module/projects/rails-engine/app/controllers/api/v1/merchants_controller.rb": [
        1,
        1,
        1,
        null,
        null,
        1,
        1,
        null,
        null
      ],
      "/Users/blackknight_75/turing/1611/2module/projects/rails-engine/app/controllers/api/v1/merchants/search_controller.rb": [
        1,
        null,
        1,
        2,
        null,
        null,
        1,
        3,
        null,
        null,
        1,
        null,
        1,
        5,
        null,
        null
      ],
      "/Users/blackknight_75/turing/1611/2module/projects/rails-engine/app/controllers/api/v1/merchants/random_controller.rb": [
        1,
        null,
        1,
        1,
        null,
        null
      ],
      "/Users/blackknight_75/turing/1611/2module/projects/rails-engine/app/controllers/api/v1/transactions_controller.rb": [
        1,
        null,
        1,
        1,
        null,
        null,
        1,
        1,
        null,
        null
      ],
      "/Users/blackknight_75/turing/1611/2module/projects/rails-engine/app/controllers/api/v1/transactions/search_controller.rb": [
        1,
        null,
        1,
        1,
        null,
        null,
        1,
        1,
        null,
        null,
        1,
        null,
        1,
        2,
        null,
        null
      ],
      "/Users/blackknight_75/turing/1611/2module/projects/rails-engine/app/controllers/api/v1/transactions/random_controller.rb": [
        1,
        null,
        1,
        1,
        null,
        null
      ],
      "/Users/blackknight_75/turing/1611/2module/projects/rails-engine/app/channels/application_cable/channel.rb": [
        0,
        0,
        0,
        0
      ],
      "/Users/blackknight_75/turing/1611/2module/projects/rails-engine/app/channels/application_cable/connection.rb": [
        0,
        0,
        0,
        0
      ],
      "/Users/blackknight_75/turing/1611/2module/projects/rails-engine/app/jobs/application_job.rb": [
        0,
        0
      ],
      "/Users/blackknight_75/turing/1611/2module/projects/rails-engine/app/mailers/application_mailer.rb": [
        0,
        0,
        0,
        0
      ]
    },
    "timestamp": 1489509633
  }
}
